<?xml version="1.0" encoding="UTF-8"?>
<!-- Generated by org.testng.reporters.JUnitReportReporter -->
<testsuite hostname="kairosHW0454" failures="0" tests="1" name="Kairos.Hunters.BaseClass.BaseClass" time="4.182" errors="0" timestamp="2023-06-09T15:33:29 IST" skipped="0">
  <testcase classname="Kairos.Hunters.BaseClass.BaseClass" name="logOut" time="4.182"/>
  <system-out>
    <![CDATA[logOut => test script execution started
 SuccessfullogOut]]>
  </system-out>
</testsuite> <!-- Kairos.Hunters.BaseClass.BaseClass -->
