<?xml version="1.0" encoding="UTF-8"?>
<!-- Generated by org.testng.reporters.JUnitReportReporter -->
<testsuite hostname="kairosHW0454" failures="0" tests="1" name="HuntersBaseClass.BaseClass" time="0.009" errors="0" timestamp="2023-06-09T12:35:46 IST" skipped="0">
  <testcase classname="HuntersBaseClass.BaseClass" name="logIn" time="0.009"/>
  <system-out/>
</testsuite> <!-- HuntersBaseClass.BaseClass -->
