<?xml version="1.0" encoding="UTF-8"?>
<!-- Generated by org.testng.reporters.JUnitReportReporter -->
<testsuite hostname="kairosHW0454" failures="0" tests="1" name="Kairos.Hunters.TestCases.TestCase1" time="13.226" errors="0" timestamp="2023-06-12T11:50:58 IST" skipped="0">
  <testcase classname="Kairos.Hunters.TestCases.TestCase1" name="login" time="13.226"/>
  <system-out>
    <![CDATA[login => test script execution started
Title validation Successful
Login Validation Displayed message:- Hello, deepak
Title validation Successful
LogOut Successful
 Successfullogin]]>
  </system-out>
</testsuite> <!-- Kairos.Hunters.TestCases.TestCase1 -->
